  ERROR: Command errored out with exit status 1:
   command: /home/mahmednabil/new/studing/udacity/fwd-advanced/03_coffee_shop_full_stack/starter_code/backend/venv/bin/python3 -u -c 'import sys, setuptools, tokenize; sys.argv[0] = '"'"'/tmp/pip-install-tw7cku9w/typed-ast/setup.py'"'"'; __file__='"'"'/tmp/pip-install-tw7cku9w/typed-ast/setup.py'"'"';f=getattr(tokenize, '"'"'open'"'"', open)(__file__);code=f.read().replace('"'"'\r\n'"'"', '"'"'\n'"'"');f.close();exec(compile(code, __file__, '"'"'exec'"'"'))' bdist_wheel -d /tmp/pip-wheel-x2pyowqe
       cwd: /tmp/pip-install-tw7cku9w/typed-ast/
  Complete output (67 lines):
  running bdist_wheel
  running build
  running build_py
  creating build
  creating build/lib.linux-x86_64-3.8
  creating build/lib.linux-x86_64-3.8/typed_ast
  copying typed_ast/ast27.py -> build/lib.linux-x86_64-3.8/typed_ast
  copying typed_ast/conversions.py -> build/lib.linux-x86_64-3.8/typed_ast
  copying typed_ast/ast3.py -> build/lib.linux-x86_64-3.8/typed_ast
  copying typed_ast/__init__.py -> build/lib.linux-x86_64-3.8/typed_ast
  package init file 'ast3/tests/__init__.py' not found (or not a regular file)
  creating build/lib.linux-x86_64-3.8/typed_ast/tests
  copying ast3/tests/test_basics.py -> build/lib.linux-x86_64-3.8/typed_ast/tests
  running build_ext
  building '_ast27' extension
  creating build/temp.linux-x86_64-3.8
  creating build/temp.linux-x86_64-3.8/ast27
  creating build/temp.linux-x86_64-3.8/ast27/Parser
  creating build/temp.linux-x86_64-3.8/ast27/Python
  creating build/temp.linux-x86_64-3.8/ast27/Custom
  x86_64-linux-gnu-gcc -pthread -Wno-unused-result -Wsign-compare -DNDEBUG -g -fwrapv -O2 -Wall -g -fstack-protector-strong -Wformat -Werror=format-security -g -fwrapv -O2 -g -fstack-protector-strong -Wformat -Werror=format-security -Wdate-time -D_FORTIFY_SOURCE=2 -fPIC -Iast27/Include -I/home/mahmednabil/new/studing/udacity/fwd-advanced/03_coffee_shop_full_stack/starter_code/backend/venv/include -I/usr/include/python3.8 -c ast27/Parser/acceler.c -o build/temp.linux-x86_64-3.8/ast27/Parser/acceler.o
  x86_64-linux-gnu-gcc -pthread -Wno-unused-result -Wsign-compare -DNDEBUG -g -fwrapv -O2 -Wall -g -fstack-protector-strong -Wformat -Werror=format-security -g -fwrapv -O2 -g -fstack-protector-strong -Wformat -Werror=format-security -Wdate-time -D_FORTIFY_SOURCE=2 -fPIC -Iast27/Include -I/home/mahmednabil/new/studing/udacity/fwd-advanced/03_coffee_shop_full_stack/starter_code/backend/venv/include -I/usr/include/python3.8 -c ast27/Parser/bitset.c -o build/temp.linux-x86_64-3.8/ast27/Parser/bitset.o
  x86_64-linux-gnu-gcc -pthread -Wno-unused-result -Wsign-compare -DNDEBUG -g -fwrapv -O2 -Wall -g -fstack-protector-strong -Wformat -Werror=format-security -g -fwrapv -O2 -g -fstack-protector-strong -Wformat -Werror=format-security -Wdate-time -D_FORTIFY_SOURCE=2 -fPIC -Iast27/Include -I/home/mahmednabil/new/studing/udacity/fwd-advanced/03_coffee_shop_full_stack/starter_code/backend/venv/include -I/usr/include/python3.8 -c ast27/Parser/grammar.c -o build/temp.linux-x86_64-3.8/ast27/Parser/grammar.o
  x86_64-linux-gnu-gcc -pthread -Wno-unused-result -Wsign-compare -DNDEBUG -g -fwrapv -O2 -Wall -g -fstack-protector-strong -Wformat -Werror=format-security -g -fwrapv -O2 -g -fstack-protector-strong -Wformat -Werror=format-security -Wdate-time -D_FORTIFY_SOURCE=2 -fPIC -Iast27/Include -I/home/mahmednabil/new/studing/udacity/fwd-advanced/03_coffee_shop_full_stack/starter_code/backend/venv/include -I/usr/include/python3.8 -c ast27/Parser/grammar1.c -o build/temp.linux-x86_64-3.8/ast27/Parser/grammar1.o
  x86_64-linux-gnu-gcc -pthread -Wno-unused-result -Wsign-compare -DNDEBUG -g -fwrapv -O2 -Wall -g -fstack-protector-strong -Wformat -Werror=format-security -g -fwrapv -O2 -g -fstack-protector-strong -Wformat -Werror=format-security -Wdate-time -D_FORTIFY_SOURCE=2 -fPIC -Iast27/Include -I/home/mahmednabil/new/studing/udacity/fwd-advanced/03_coffee_shop_full_stack/starter_code/backend/venv/include -I/usr/include/python3.8 -c ast27/Parser/node.c -o build/temp.linux-x86_64-3.8/ast27/Parser/node.o
  x86_64-linux-gnu-gcc -pthread -Wno-unused-result -Wsign-compare -DNDEBUG -g -fwrapv -O2 -Wall -g -fstack-protector-strong -Wformat -Werror=format-security -g -fwrapv -O2 -g -fstack-protector-strong -Wformat -Werror=format-security -Wdate-time -D_FORTIFY_SOURCE=2 -fPIC -Iast27/Include -I/home/mahmednabil/new/studing/udacity/fwd-advanced/03_coffee_shop_full_stack/starter_code/backend/venv/include -I/usr/include/python3.8 -c ast27/Parser/parser.c -o build/temp.linux-x86_64-3.8/ast27/Parser/parser.o
  x86_64-linux-gnu-gcc -pthread -Wno-unused-result -Wsign-compare -DNDEBUG -g -fwrapv -O2 -Wall -g -fstack-protector-strong -Wformat -Werror=format-security -g -fwrapv -O2 -g -fstack-protector-strong -Wformat -Werror=format-security -Wdate-time -D_FORTIFY_SOURCE=2 -fPIC -Iast27/Include -I/home/mahmednabil/new/studing/udacity/fwd-advanced/03_coffee_shop_full_stack/starter_code/backend/venv/include -I/usr/include/python3.8 -c ast27/Parser/parsetok.c -o build/temp.linux-x86_64-3.8/ast27/Parser/parsetok.o
  x86_64-linux-gnu-gcc -pthread -Wno-unused-result -Wsign-compare -DNDEBUG -g -fwrapv -O2 -Wall -g -fstack-protector-strong -Wformat -Werror=format-security -g -fwrapv -O2 -g -fstack-protector-strong -Wformat -Werror=format-security -Wdate-time -D_FORTIFY_SOURCE=2 -fPIC -Iast27/Include -I/home/mahmednabil/new/studing/udacity/fwd-advanced/03_coffee_shop_full_stack/starter_code/backend/venv/include -I/usr/include/python3.8 -c ast27/Parser/tokenizer.c -o build/temp.linux-x86_64-3.8/ast27/Parser/tokenizer.o
  x86_64-linux-gnu-gcc -pthread -Wno-unused-result -Wsign-compare -DNDEBUG -g -fwrapv -O2 -Wall -g -fstack-protector-strong -Wformat -Werror=format-security -g -fwrapv -O2 -g -fstack-protector-strong -Wformat -Werror=format-security -Wdate-time -D_FORTIFY_SOURCE=2 -fPIC -Iast27/Include -I/home/mahmednabil/new/studing/udacity/fwd-advanced/03_coffee_shop_full_stack/starter_code/backend/venv/include -I/usr/include/python3.8 -c ast27/Python/asdl.c -o build/temp.linux-x86_64-3.8/ast27/Python/asdl.o
  x86_64-linux-gnu-gcc -pthread -Wno-unused-result -Wsign-compare -DNDEBUG -g -fwrapv -O2 -Wall -g -fstack-protector-strong -Wformat -Werror=format-security -g -fwrapv -O2 -g -fstack-protector-strong -Wformat -Werror=format-security -Wdate-time -D_FORTIFY_SOURCE=2 -fPIC -Iast27/Include -I/home/mahmednabil/new/studing/udacity/fwd-advanced/03_coffee_shop_full_stack/starter_code/backend/venv/include -I/usr/include/python3.8 -c ast27/Python/ast.c -o build/temp.linux-x86_64-3.8/ast27/Python/ast.o
  ast27/Python/ast.c: In function ‘ast_for_print_stmt’:
  ast27/Python/ast.c:2432:9: warning: this ‘if’ clause does not guard... [-Wmisleading-indentation]
   2432 |         if (!dest)
        |         ^~
  ast27/Python/ast.c:2434:13: note: ...this statement, but the latter is misleadingly indented as if it were guarded by the ‘if’
   2434 |             start = 4;
        |             ^~~~~
  x86_64-linux-gnu-gcc -pthread -Wno-unused-result -Wsign-compare -DNDEBUG -g -fwrapv -O2 -Wall -g -fstack-protector-strong -Wformat -Werror=format-security -g -fwrapv -O2 -g -fstack-protector-strong -Wformat -Werror=format-security -Wdate-time -D_FORTIFY_SOURCE=2 -fPIC -Iast27/Include -I/home/mahmednabil/new/studing/udacity/fwd-advanced/03_coffee_shop_full_stack/starter_code/backend/venv/include -I/usr/include/python3.8 -c ast27/Python/graminit.c -o build/temp.linux-x86_64-3.8/ast27/Python/graminit.o
  x86_64-linux-gnu-gcc -pthread -Wno-unused-result -Wsign-compare -DNDEBUG -g -fwrapv -O2 -Wall -g -fstack-protector-strong -Wformat -Werror=format-security -g -fwrapv -O2 -g -fstack-protector-strong -Wformat -Werror=format-security -Wdate-time -D_FORTIFY_SOURCE=2 -fPIC -Iast27/Include -I/home/mahmednabil/new/studing/udacity/fwd-advanced/03_coffee_shop_full_stack/starter_code/backend/venv/include -I/usr/include/python3.8 -c ast27/Python/mystrtoul.c -o build/temp.linux-x86_64-3.8/ast27/Python/mystrtoul.o
  x86_64-linux-gnu-gcc -pthread -Wno-unused-result -Wsign-compare -DNDEBUG -g -fwrapv -O2 -Wall -g -fstack-protector-strong -Wformat -Werror=format-security -g -fwrapv -O2 -g -fstack-protector-strong -Wformat -Werror=format-security -Wdate-time -D_FORTIFY_SOURCE=2 -fPIC -Iast27/Include -I/home/mahmednabil/new/studing/udacity/fwd-advanced/03_coffee_shop_full_stack/starter_code/backend/venv/include -I/usr/include/python3.8 -c ast27/Python/Python-ast.c -o build/temp.linux-x86_64-3.8/ast27/Python/Python-ast.o
  x86_64-linux-gnu-gcc -pthread -Wno-unused-result -Wsign-compare -DNDEBUG -g -fwrapv -O2 -Wall -g -fstack-protector-strong -Wformat -Werror=format-security -g -fwrapv -O2 -g -fstack-protector-strong -Wformat -Werror=format-security -Wdate-time -D_FORTIFY_SOURCE=2 -fPIC -Iast27/Include -I/home/mahmednabil/new/studing/udacity/fwd-advanced/03_coffee_shop_full_stack/starter_code/backend/venv/include -I/usr/include/python3.8 -c ast27/Custom/typed_ast.c -o build/temp.linux-x86_64-3.8/ast27/Custom/typed_ast.o
  x86_64-linux-gnu-gcc -pthread -shared -Wl,-O1 -Wl,-Bsymbolic-functions -Wl,-Bsymbolic-functions -Wl,-z,relro -g -fwrapv -O2 -Wl,-Bsymbolic-functions -Wl,-z,relro -g -fwrapv -O2 -g -fstack-protector-strong -Wformat -Werror=format-security -Wdate-time -D_FORTIFY_SOURCE=2 build/temp.linux-x86_64-3.8/ast27/Parser/acceler.o build/temp.linux-x86_64-3.8/ast27/Parser/bitset.o build/temp.linux-x86_64-3.8/ast27/Parser/grammar.o build/temp.linux-x86_64-3.8/ast27/Parser/grammar1.o build/temp.linux-x86_64-3.8/ast27/Parser/node.o build/temp.linux-x86_64-3.8/ast27/Parser/parser.o build/temp.linux-x86_64-3.8/ast27/Parser/parsetok.o build/temp.linux-x86_64-3.8/ast27/Parser/tokenizer.o build/temp.linux-x86_64-3.8/ast27/Python/asdl.o build/temp.linux-x86_64-3.8/ast27/Python/ast.o build/temp.linux-x86_64-3.8/ast27/Python/graminit.o build/temp.linux-x86_64-3.8/ast27/Python/mystrtoul.o build/temp.linux-x86_64-3.8/ast27/Python/Python-ast.o build/temp.linux-x86_64-3.8/ast27/Custom/typed_ast.o -o build/lib.linux-x86_64-3.8/typed_ast/_ast27.cpython-38-x86_64-linux-gnu.so
  building '_ast3' extension
  creating build/temp.linux-x86_64-3.8/ast3
  creating build/temp.linux-x86_64-3.8/ast3/Parser
  creating build/temp.linux-x86_64-3.8/ast3/Python
  creating build/temp.linux-x86_64-3.8/ast3/Custom
  x86_64-linux-gnu-gcc -pthread -Wno-unused-result -Wsign-compare -DNDEBUG -g -fwrapv -O2 -Wall -g -fstack-protector-strong -Wformat -Werror=format-security -g -fwrapv -O2 -g -fstack-protector-strong -Wformat -Werror=format-security -Wdate-time -D_FORTIFY_SOURCE=2 -fPIC -Iast3/Include -I/home/mahmednabil/new/studing/udacity/fwd-advanced/03_coffee_shop_full_stack/starter_code/backend/venv/include -I/usr/include/python3.8 -c ast3/Parser/acceler.c -o build/temp.linux-x86_64-3.8/ast3/Parser/acceler.o
  x86_64-linux-gnu-gcc -pthread -Wno-unused-result -Wsign-compare -DNDEBUG -g -fwrapv -O2 -Wall -g -fstack-protector-strong -Wformat -Werror=format-security -g -fwrapv -O2 -g -fstack-protector-strong -Wformat -Werror=format-security -Wdate-time -D_FORTIFY_SOURCE=2 -fPIC -Iast3/Include -I/home/mahmednabil/new/studing/udacity/fwd-advanced/03_coffee_shop_full_stack/starter_code/backend/venv/include -I/usr/include/python3.8 -c ast3/Parser/bitset.c -o build/temp.linux-x86_64-3.8/ast3/Parser/bitset.o
  x86_64-linux-gnu-gcc -pthread -Wno-unused-result -Wsign-compare -DNDEBUG -g -fwrapv -O2 -Wall -g -fstack-protector-strong -Wformat -Werror=format-security -g -fwrapv -O2 -g -fstack-protector-strong -Wformat -Werror=format-security -Wdate-time -D_FORTIFY_SOURCE=2 -fPIC -Iast3/Include -I/home/mahmednabil/new/studing/udacity/fwd-advanced/03_coffee_shop_full_stack/starter_code/backend/venv/include -I/usr/include/python3.8 -c ast3/Parser/grammar.c -o build/temp.linux-x86_64-3.8/ast3/Parser/grammar.o
  x86_64-linux-gnu-gcc -pthread -Wno-unused-result -Wsign-compare -DNDEBUG -g -fwrapv -O2 -Wall -g -fstack-protector-strong -Wformat -Werror=format-security -g -fwrapv -O2 -g -fstack-protector-strong -Wformat -Werror=format-security -Wdate-time -D_FORTIFY_SOURCE=2 -fPIC -Iast3/Include -I/home/mahmednabil/new/studing/udacity/fwd-advanced/03_coffee_shop_full_stack/starter_code/backend/venv/include -I/usr/include/python3.8 -c ast3/Parser/grammar1.c -o build/temp.linux-x86_64-3.8/ast3/Parser/grammar1.o
  x86_64-linux-gnu-gcc -pthread -Wno-unused-result -Wsign-compare -DNDEBUG -g -fwrapv -O2 -Wall -g -fstack-protector-strong -Wformat -Werror=format-security -g -fwrapv -O2 -g -fstack-protector-strong -Wformat -Werror=format-security -Wdate-time -D_FORTIFY_SOURCE=2 -fPIC -Iast3/Include -I/home/mahmednabil/new/studing/udacity/fwd-advanced/03_coffee_shop_full_stack/starter_code/backend/venv/include -I/usr/include/python3.8 -c ast3/Parser/node.c -o build/temp.linux-x86_64-3.8/ast3/Parser/node.o
  x86_64-linux-gnu-gcc -pthread -Wno-unused-result -Wsign-compare -DNDEBUG -g -fwrapv -O2 -Wall -g -fstack-protector-strong -Wformat -Werror=format-security -g -fwrapv -O2 -g -fstack-protector-strong -Wformat -Werror=format-security -Wdate-time -D_FORTIFY_SOURCE=2 -fPIC -Iast3/Include -I/home/mahmednabil/new/studing/udacity/fwd-advanced/03_coffee_shop_full_stack/starter_code/backend/venv/include -I/usr/include/python3.8 -c ast3/Parser/parser.c -o build/temp.linux-x86_64-3.8/ast3/Parser/parser.o
  x86_64-linux-gnu-gcc -pthread -Wno-unused-result -Wsign-compare -DNDEBUG -g -fwrapv -O2 -Wall -g -fstack-protector-strong -Wformat -Werror=format-security -g -fwrapv -O2 -g -fstack-protector-strong -Wformat -Werror=format-security -Wdate-time -D_FORTIFY_SOURCE=2 -fPIC -Iast3/Include -I/home/mahmednabil/new/studing/udacity/fwd-advanced/03_coffee_shop_full_stack/starter_code/backend/venv/include -I/usr/include/python3.8 -c ast3/Parser/parsetok.c -o build/temp.linux-x86_64-3.8/ast3/Parser/parsetok.o
  x86_64-linux-gnu-gcc -pthread -Wno-unused-result -Wsign-compare -DNDEBUG -g -fwrapv -O2 -Wall -g -fstack-protector-strong -Wformat -Werror=format-security -g -fwrapv -O2 -g -fstack-protector-strong -Wformat -Werror=format-security -Wdate-time -D_FORTIFY_SOURCE=2 -fPIC -Iast3/Include -I/home/mahmednabil/new/studing/udacity/fwd-advanced/03_coffee_shop_full_stack/starter_code/backend/venv/include -I/usr/include/python3.8 -c ast3/Parser/tokenizer.c -o build/temp.linux-x86_64-3.8/ast3/Parser/tokenizer.o
  x86_64-linux-gnu-gcc -pthread -Wno-unused-result -Wsign-compare -DNDEBUG -g -fwrapv -O2 -Wall -g -fstack-protector-strong -Wformat -Werror=format-security -g -fwrapv -O2 -g -fstack-protector-strong -Wformat -Werror=format-security -Wdate-time -D_FORTIFY_SOURCE=2 -fPIC -Iast3/Include -I/home/mahmednabil/new/studing/udacity/fwd-advanced/03_coffee_shop_full_stack/starter_code/backend/venv/include -I/usr/include/python3.8 -c ast3/Python/asdl.c -o build/temp.linux-x86_64-3.8/ast3/Python/asdl.o
  x86_64-linux-gnu-gcc -pthread -Wno-unused-result -Wsign-compare -DNDEBUG -g -fwrapv -O2 -Wall -g -fstack-protector-strong -Wformat -Werror=format-security -g -fwrapv -O2 -g -fstack-protector-strong -Wformat -Werror=format-security -Wdate-time -D_FORTIFY_SOURCE=2 -fPIC -Iast3/Include -I/home/mahmednabil/new/studing/udacity/fwd-advanced/03_coffee_shop_full_stack/starter_code/backend/venv/include -I/usr/include/python3.8 -c ast3/Python/ast.c -o build/temp.linux-x86_64-3.8/ast3/Python/ast.o
  ast3/Python/ast.c:22:1: error: conflicting types for ‘_PyObject_FastCall’
     22 | _PyObject_FastCall(PyObject *func, PyObject *const *args, int nargs)
        | ^~~~~~~~~~~~~~~~~~
  In file included from /usr/include/python3.8/abstract.h:837,
                   from /usr/include/python3.8/Python.h:147,
                   from ast3/Python/ast.c:6:
  /usr/include/python3.8/cpython/abstract.h:145:1: note: previous definition of ‘_PyObject_FastCall’ was here
    145 | _PyObject_FastCall(PyObject *func, PyObject *const *args, Py_ssize_t nargs)
        | ^~~~~~~~~~~~~~~~~~
  error: command 'x86_64-linux-gnu-gcc' failed with exit status 1
  ----------------------------------------
  ERROR: Failed building wheel for typed-ast
    ERROR: Command errored out with exit status 1:
     command: /home/mahmednabil/new/studing/udacity/fwd-advanced/03_coffee_shop_full_stack/starter_code/backend/venv/bin/python3 -u -c 'import sys, setuptools, tokenize; sys.argv[0] = '"'"'/tmp/pip-install-tw7cku9w/typed-ast/setup.py'"'"'; __file__='"'"'/tmp/pip-install-tw7cku9w/typed-ast/setup.py'"'"';f=getattr(tokenize, '"'"'open'"'"', open)(__file__);code=f.read().replace('"'"'\r\n'"'"', '"'"'\n'"'"');f.close();exec(compile(code, __file__, '"'"'exec'"'"'))' install --record /tmp/pip-record-duwpkfpn/install-record.txt --single-version-externally-managed --compile --install-headers /home/mahmednabil/new/studing/udacity/fwd-advanced/03_coffee_shop_full_stack/starter_code/backend/venv/include/site/python3.8/typed-ast
         cwd: /tmp/pip-install-tw7cku9w/typed-ast/
    Complete output (67 lines):
    running install
    running build
    running build_py
    creating build
    creating build/lib.linux-x86_64-3.8
    creating build/lib.linux-x86_64-3.8/typed_ast
    copying typed_ast/ast27.py -> build/lib.linux-x86_64-3.8/typed_ast
    copying typed_ast/conversions.py -> build/lib.linux-x86_64-3.8/typed_ast
    copying typed_ast/ast3.py -> build/lib.linux-x86_64-3.8/typed_ast
    copying typed_ast/__init__.py -> build/lib.linux-x86_64-3.8/typed_ast
    package init file 'ast3/tests/__init__.py' not found (or not a regular file)
    creating build/lib.linux-x86_64-3.8/typed_ast/tests
    copying ast3/tests/test_basics.py -> build/lib.linux-x86_64-3.8/typed_ast/tests
    running build_ext
    building '_ast27' extension
    creating build/temp.linux-x86_64-3.8
    creating build/temp.linux-x86_64-3.8/ast27
    creating build/temp.linux-x86_64-3.8/ast27/Parser
    creating build/temp.linux-x86_64-3.8/ast27/Python
    creating build/temp.linux-x86_64-3.8/ast27/Custom
    x86_64-linux-gnu-gcc -pthread -Wno-unused-result -Wsign-compare -DNDEBUG -g -fwrapv -O2 -Wall -g -fstack-protector-strong -Wformat -Werror=format-security -g -fwrapv -O2 -g -fstack-protector-strong -Wformat -Werror=format-security -Wdate-time -D_FORTIFY_SOURCE=2 -fPIC -Iast27/Include -I/home/mahmednabil/new/studing/udacity/fwd-advanced/03_coffee_shop_full_stack/starter_code/backend/venv/include -I/usr/include/python3.8 -c ast27/Parser/acceler.c -o build/temp.linux-x86_64-3.8/ast27/Parser/acceler.o
    x86_64-linux-gnu-gcc -pthread -Wno-unused-result -Wsign-compare -DNDEBUG -g -fwrapv -O2 -Wall -g -fstack-protector-strong -Wformat -Werror=format-security -g -fwrapv -O2 -g -fstack-protector-strong -Wformat -Werror=format-security -Wdate-time -D_FORTIFY_SOURCE=2 -fPIC -Iast27/Include -I/home/mahmednabil/new/studing/udacity/fwd-advanced/03_coffee_shop_full_stack/starter_code/backend/venv/include -I/usr/include/python3.8 -c ast27/Parser/bitset.c -o build/temp.linux-x86_64-3.8/ast27/Parser/bitset.o
    x86_64-linux-gnu-gcc -pthread -Wno-unused-result -Wsign-compare -DNDEBUG -g -fwrapv -O2 -Wall -g -fstack-protector-strong -Wformat -Werror=format-security -g -fwrapv -O2 -g -fstack-protector-strong -Wformat -Werror=format-security -Wdate-time -D_FORTIFY_SOURCE=2 -fPIC -Iast27/Include -I/home/mahmednabil/new/studing/udacity/fwd-advanced/03_coffee_shop_full_stack/starter_code/backend/venv/include -I/usr/include/python3.8 -c ast27/Parser/grammar.c -o build/temp.linux-x86_64-3.8/ast27/Parser/grammar.o
    x86_64-linux-gnu-gcc -pthread -Wno-unused-result -Wsign-compare -DNDEBUG -g -fwrapv -O2 -Wall -g -fstack-protector-strong -Wformat -Werror=format-security -g -fwrapv -O2 -g -fstack-protector-strong -Wformat -Werror=format-security -Wdate-time -D_FORTIFY_SOURCE=2 -fPIC -Iast27/Include -I/home/mahmednabil/new/studing/udacity/fwd-advanced/03_coffee_shop_full_stack/starter_code/backend/venv/include -I/usr/include/python3.8 -c ast27/Parser/grammar1.c -o build/temp.linux-x86_64-3.8/ast27/Parser/grammar1.o
    x86_64-linux-gnu-gcc -pthread -Wno-unused-result -Wsign-compare -DNDEBUG -g -fwrapv -O2 -Wall -g -fstack-protector-strong -Wformat -Werror=format-security -g -fwrapv -O2 -g -fstack-protector-strong -Wformat -Werror=format-security -Wdate-time -D_FORTIFY_SOURCE=2 -fPIC -Iast27/Include -I/home/mahmednabil/new/studing/udacity/fwd-advanced/03_coffee_shop_full_stack/starter_code/backend/venv/include -I/usr/include/python3.8 -c ast27/Parser/node.c -o build/temp.linux-x86_64-3.8/ast27/Parser/node.o
    x86_64-linux-gnu-gcc -pthread -Wno-unused-result -Wsign-compare -DNDEBUG -g -fwrapv -O2 -Wall -g -fstack-protector-strong -Wformat -Werror=format-security -g -fwrapv -O2 -g -fstack-protector-strong -Wformat -Werror=format-security -Wdate-time -D_FORTIFY_SOURCE=2 -fPIC -Iast27/Include -I/home/mahmednabil/new/studing/udacity/fwd-advanced/03_coffee_shop_full_stack/starter_code/backend/venv/include -I/usr/include/python3.8 -c ast27/Parser/parser.c -o build/temp.linux-x86_64-3.8/ast27/Parser/parser.o
    x86_64-linux-gnu-gcc -pthread -Wno-unused-result -Wsign-compare -DNDEBUG -g -fwrapv -O2 -Wall -g -fstack-protector-strong -Wformat -Werror=format-security -g -fwrapv -O2 -g -fstack-protector-strong -Wformat -Werror=format-security -Wdate-time -D_FORTIFY_SOURCE=2 -fPIC -Iast27/Include -I/home/mahmednabil/new/studing/udacity/fwd-advanced/03_coffee_shop_full_stack/starter_code/backend/venv/include -I/usr/include/python3.8 -c ast27/Parser/parsetok.c -o build/temp.linux-x86_64-3.8/ast27/Parser/parsetok.o
    x86_64-linux-gnu-gcc -pthread -Wno-unused-result -Wsign-compare -DNDEBUG -g -fwrapv -O2 -Wall -g -fstack-protector-strong -Wformat -Werror=format-security -g -fwrapv -O2 -g -fstack-protector-strong -Wformat -Werror=format-security -Wdate-time -D_FORTIFY_SOURCE=2 -fPIC -Iast27/Include -I/home/mahmednabil/new/studing/udacity/fwd-advanced/03_coffee_shop_full_stack/starter_code/backend/venv/include -I/usr/include/python3.8 -c ast27/Parser/tokenizer.c -o build/temp.linux-x86_64-3.8/ast27/Parser/tokenizer.o
    x86_64-linux-gnu-gcc -pthread -Wno-unused-result -Wsign-compare -DNDEBUG -g -fwrapv -O2 -Wall -g -fstack-protector-strong -Wformat -Werror=format-security -g -fwrapv -O2 -g -fstack-protector-strong -Wformat -Werror=format-security -Wdate-time -D_FORTIFY_SOURCE=2 -fPIC -Iast27/Include -I/home/mahmednabil/new/studing/udacity/fwd-advanced/03_coffee_shop_full_stack/starter_code/backend/venv/include -I/usr/include/python3.8 -c ast27/Python/asdl.c -o build/temp.linux-x86_64-3.8/ast27/Python/asdl.o
    x86_64-linux-gnu-gcc -pthread -Wno-unused-result -Wsign-compare -DNDEBUG -g -fwrapv -O2 -Wall -g -fstack-protector-strong -Wformat -Werror=format-security -g -fwrapv -O2 -g -fstack-protector-strong -Wformat -Werror=format-security -Wdate-time -D_FORTIFY_SOURCE=2 -fPIC -Iast27/Include -I/home/mahmednabil/new/studing/udacity/fwd-advanced/03_coffee_shop_full_stack/starter_code/backend/venv/include -I/usr/include/python3.8 -c ast27/Python/ast.c -o build/temp.linux-x86_64-3.8/ast27/Python/ast.o
    ast27/Python/ast.c: In function ‘ast_for_print_stmt’:
    ast27/Python/ast.c:2432:9: warning: this ‘if’ clause does not guard... [-Wmisleading-indentation]
     2432 |         if (!dest)
          |         ^~
    ast27/Python/ast.c:2434:13: note: ...this statement, but the latter is misleadingly indented as if it were guarded by the ‘if’
     2434 |             start = 4;
          |             ^~~~~
    x86_64-linux-gnu-gcc -pthread -Wno-unused-result -Wsign-compare -DNDEBUG -g -fwrapv -O2 -Wall -g -fstack-protector-strong -Wformat -Werror=format-security -g -fwrapv -O2 -g -fstack-protector-strong -Wformat -Werror=format-security -Wdate-time -D_FORTIFY_SOURCE=2 -fPIC -Iast27/Include -I/home/mahmednabil/new/studing/udacity/fwd-advanced/03_coffee_shop_full_stack/starter_code/backend/venv/include -I/usr/include/python3.8 -c ast27/Python/graminit.c -o build/temp.linux-x86_64-3.8/ast27/Python/graminit.o
    x86_64-linux-gnu-gcc -pthread -Wno-unused-result -Wsign-compare -DNDEBUG -g -fwrapv -O2 -Wall -g -fstack-protector-strong -Wformat -Werror=format-security -g -fwrapv -O2 -g -fstack-protector-strong -Wformat -Werror=format-security -Wdate-time -D_FORTIFY_SOURCE=2 -fPIC -Iast27/Include -I/home/mahmednabil/new/studing/udacity/fwd-advanced/03_coffee_shop_full_stack/starter_code/backend/venv/include -I/usr/include/python3.8 -c ast27/Python/mystrtoul.c -o build/temp.linux-x86_64-3.8/ast27/Python/mystrtoul.o
    x86_64-linux-gnu-gcc -pthread -Wno-unused-result -Wsign-compare -DNDEBUG -g -fwrapv -O2 -Wall -g -fstack-protector-strong -Wformat -Werror=format-security -g -fwrapv -O2 -g -fstack-protector-strong -Wformat -Werror=format-security -Wdate-time -D_FORTIFY_SOURCE=2 -fPIC -Iast27/Include -I/home/mahmednabil/new/studing/udacity/fwd-advanced/03_coffee_shop_full_stack/starter_code/backend/venv/include -I/usr/include/python3.8 -c ast27/Python/Python-ast.c -o build/temp.linux-x86_64-3.8/ast27/Python/Python-ast.o
    x86_64-linux-gnu-gcc -pthread -Wno-unused-result -Wsign-compare -DNDEBUG -g -fwrapv -O2 -Wall -g -fstack-protector-strong -Wformat -Werror=format-security -g -fwrapv -O2 -g -fstack-protector-strong -Wformat -Werror=format-security -Wdate-time -D_FORTIFY_SOURCE=2 -fPIC -Iast27/Include -I/home/mahmednabil/new/studing/udacity/fwd-advanced/03_coffee_shop_full_stack/starter_code/backend/venv/include -I/usr/include/python3.8 -c ast27/Custom/typed_ast.c -o build/temp.linux-x86_64-3.8/ast27/Custom/typed_ast.o
    x86_64-linux-gnu-gcc -pthread -shared -Wl,-O1 -Wl,-Bsymbolic-functions -Wl,-Bsymbolic-functions -Wl,-z,relro -g -fwrapv -O2 -Wl,-Bsymbolic-functions -Wl,-z,relro -g -fwrapv -O2 -g -fstack-protector-strong -Wformat -Werror=format-security -Wdate-time -D_FORTIFY_SOURCE=2 build/temp.linux-x86_64-3.8/ast27/Parser/acceler.o build/temp.linux-x86_64-3.8/ast27/Parser/bitset.o build/temp.linux-x86_64-3.8/ast27/Parser/grammar.o build/temp.linux-x86_64-3.8/ast27/Parser/grammar1.o build/temp.linux-x86_64-3.8/ast27/Parser/node.o build/temp.linux-x86_64-3.8/ast27/Parser/parser.o build/temp.linux-x86_64-3.8/ast27/Parser/parsetok.o build/temp.linux-x86_64-3.8/ast27/Parser/tokenizer.o build/temp.linux-x86_64-3.8/ast27/Python/asdl.o build/temp.linux-x86_64-3.8/ast27/Python/ast.o build/temp.linux-x86_64-3.8/ast27/Python/graminit.o build/temp.linux-x86_64-3.8/ast27/Python/mystrtoul.o build/temp.linux-x86_64-3.8/ast27/Python/Python-ast.o build/temp.linux-x86_64-3.8/ast27/Custom/typed_ast.o -o build/lib.linux-x86_64-3.8/typed_ast/_ast27.cpython-38-x86_64-linux-gnu.so
    building '_ast3' extension
    creating build/temp.linux-x86_64-3.8/ast3
    creating build/temp.linux-x86_64-3.8/ast3/Parser
    creating build/temp.linux-x86_64-3.8/ast3/Python
    creating build/temp.linux-x86_64-3.8/ast3/Custom
    x86_64-linux-gnu-gcc -pthread -Wno-unused-result -Wsign-compare -DNDEBUG -g -fwrapv -O2 -Wall -g -fstack-protector-strong -Wformat -Werror=format-security -g -fwrapv -O2 -g -fstack-protector-strong -Wformat -Werror=format-security -Wdate-time -D_FORTIFY_SOURCE=2 -fPIC -Iast3/Include -I/home/mahmednabil/new/studing/udacity/fwd-advanced/03_coffee_shop_full_stack/starter_code/backend/venv/include -I/usr/include/python3.8 -c ast3/Parser/acceler.c -o build/temp.linux-x86_64-3.8/ast3/Parser/acceler.o
    x86_64-linux-gnu-gcc -pthread -Wno-unused-result -Wsign-compare -DNDEBUG -g -fwrapv -O2 -Wall -g -fstack-protector-strong -Wformat -Werror=format-security -g -fwrapv -O2 -g -fstack-protector-strong -Wformat -Werror=format-security -Wdate-time -D_FORTIFY_SOURCE=2 -fPIC -Iast3/Include -I/home/mahmednabil/new/studing/udacity/fwd-advanced/03_coffee_shop_full_stack/starter_code/backend/venv/include -I/usr/include/python3.8 -c ast3/Parser/bitset.c -o build/temp.linux-x86_64-3.8/ast3/Parser/bitset.o
    x86_64-linux-gnu-gcc -pthread -Wno-unused-result -Wsign-compare -DNDEBUG -g -fwrapv -O2 -Wall -g -fstack-protector-strong -Wformat -Werror=format-security -g -fwrapv -O2 -g -fstack-protector-strong -Wformat -Werror=format-security -Wdate-time -D_FORTIFY_SOURCE=2 -fPIC -Iast3/Include -I/home/mahmednabil/new/studing/udacity/fwd-advanced/03_coffee_shop_full_stack/starter_code/backend/venv/include -I/usr/include/python3.8 -c ast3/Parser/grammar.c -o build/temp.linux-x86_64-3.8/ast3/Parser/grammar.o
    x86_64-linux-gnu-gcc -pthread -Wno-unused-result -Wsign-compare -DNDEBUG -g -fwrapv -O2 -Wall -g -fstack-protector-strong -Wformat -Werror=format-security -g -fwrapv -O2 -g -fstack-protector-strong -Wformat -Werror=format-security -Wdate-time -D_FORTIFY_SOURCE=2 -fPIC -Iast3/Include -I/home/mahmednabil/new/studing/udacity/fwd-advanced/03_coffee_shop_full_stack/starter_code/backend/venv/include -I/usr/include/python3.8 -c ast3/Parser/grammar1.c -o build/temp.linux-x86_64-3.8/ast3/Parser/grammar1.o
    x86_64-linux-gnu-gcc -pthread -Wno-unused-result -Wsign-compare -DNDEBUG -g -fwrapv -O2 -Wall -g -fstack-protector-strong -Wformat -Werror=format-security -g -fwrapv -O2 -g -fstack-protector-strong -Wformat -Werror=format-security -Wdate-time -D_FORTIFY_SOURCE=2 -fPIC -Iast3/Include -I/home/mahmednabil/new/studing/udacity/fwd-advanced/03_coffee_shop_full_stack/starter_code/backend/venv/include -I/usr/include/python3.8 -c ast3/Parser/node.c -o build/temp.linux-x86_64-3.8/ast3/Parser/node.o
    x86_64-linux-gnu-gcc -pthread -Wno-unused-result -Wsign-compare -DNDEBUG -g -fwrapv -O2 -Wall -g -fstack-protector-strong -Wformat -Werror=format-security -g -fwrapv -O2 -g -fstack-protector-strong -Wformat -Werror=format-security -Wdate-time -D_FORTIFY_SOURCE=2 -fPIC -Iast3/Include -I/home/mahmednabil/new/studing/udacity/fwd-advanced/03_coffee_shop_full_stack/starter_code/backend/venv/include -I/usr/include/python3.8 -c ast3/Parser/parser.c -o build/temp.linux-x86_64-3.8/ast3/Parser/parser.o
    x86_64-linux-gnu-gcc -pthread -Wno-unused-result -Wsign-compare -DNDEBUG -g -fwrapv -O2 -Wall -g -fstack-protector-strong -Wformat -Werror=format-security -g -fwrapv -O2 -g -fstack-protector-strong -Wformat -Werror=format-security -Wdate-time -D_FORTIFY_SOURCE=2 -fPIC -Iast3/Include -I/home/mahmednabil/new/studing/udacity/fwd-advanced/03_coffee_shop_full_stack/starter_code/backend/venv/include -I/usr/include/python3.8 -c ast3/Parser/parsetok.c -o build/temp.linux-x86_64-3.8/ast3/Parser/parsetok.o
    x86_64-linux-gnu-gcc -pthread -Wno-unused-result -Wsign-compare -DNDEBUG -g -fwrapv -O2 -Wall -g -fstack-protector-strong -Wformat -Werror=format-security -g -fwrapv -O2 -g -fstack-protector-strong -Wformat -Werror=format-security -Wdate-time -D_FORTIFY_SOURCE=2 -fPIC -Iast3/Include -I/home/mahmednabil/new/studing/udacity/fwd-advanced/03_coffee_shop_full_stack/starter_code/backend/venv/include -I/usr/include/python3.8 -c ast3/Parser/tokenizer.c -o build/temp.linux-x86_64-3.8/ast3/Parser/tokenizer.o
    x86_64-linux-gnu-gcc -pthread -Wno-unused-result -Wsign-compare -DNDEBUG -g -fwrapv -O2 -Wall -g -fstack-protector-strong -Wformat -Werror=format-security -g -fwrapv -O2 -g -fstack-protector-strong -Wformat -Werror=format-security -Wdate-time -D_FORTIFY_SOURCE=2 -fPIC -Iast3/Include -I/home/mahmednabil/new/studing/udacity/fwd-advanced/03_coffee_shop_full_stack/starter_code/backend/venv/include -I/usr/include/python3.8 -c ast3/Python/asdl.c -o build/temp.linux-x86_64-3.8/ast3/Python/asdl.o
    x86_64-linux-gnu-gcc -pthread -Wno-unused-result -Wsign-compare -DNDEBUG -g -fwrapv -O2 -Wall -g -fstack-protector-strong -Wformat -Werror=format-security -g -fwrapv -O2 -g -fstack-protector-strong -Wformat -Werror=format-security -Wdate-time -D_FORTIFY_SOURCE=2 -fPIC -Iast3/Include -I/home/mahmednabil/new/studing/udacity/fwd-advanced/03_coffee_shop_full_stack/starter_code/backend/venv/include -I/usr/include/python3.8 -c ast3/Python/ast.c -o build/temp.linux-x86_64-3.8/ast3/Python/ast.o
    ast3/Python/ast.c:22:1: error: conflicting types for ‘_PyObject_FastCall’
       22 | _PyObject_FastCall(PyObject *func, PyObject *const *args, int nargs)
          | ^~~~~~~~~~~~~~~~~~
    In file included from /usr/include/python3.8/abstract.h:837,
                     from /usr/include/python3.8/Python.h:147,
                     from ast3/Python/ast.c:6:
    /usr/include/python3.8/cpython/abstract.h:145:1: note: previous definition of ‘_PyObject_FastCall’ was here
      145 | _PyObject_FastCall(PyObject *func, PyObject *const *args, Py_ssize_t nargs)
          | ^~~~~~~~~~~~~~~~~~
    error: command 'x86_64-linux-gnu-gcc' failed with exit status 1
    ----------------------------------------
ERROR: Command errored out with exit status 1: /home/mahmednabil/new/studing/udacity/fwd-advanced/03_coffee_shop_full_stack/starter_code/backend/venv/bin/python3 -u -c 'import sys, setuptools, tokenize; sys.argv[0] = '"'"'/tmp/pip-install-tw7cku9w/typed-ast/setup.py'"'"'; __file__='"'"'/tmp/pip-install-tw7cku9w/typed-ast/setup.py'"'"';f=getattr(tokenize, '"'"'open'"'"', open)(__file__);code=f.read().replace('"'"'\r\n'"'"', '"'"'\n'"'"');f.close();exec(compile(code, __file__, '"'"'exec'"'"'))' install --record /tmp/pip-record-duwpkfpn/install-record.txt --single-version-externally-managed --compile --install-headers /home/mahmednabil/new/studing/udacity/fwd-advanced/03_coffee_shop_full_stack/starter_code/backend/venv/include/site/python3.8/typed-ast Check the logs for full command output.
